Build started 4/14/2013 4:26:43 PM.
     1>Project "C:\TRANSIMS\Transims51\RiderSum\RiderSum.vcxproj" on node 2 (ClCompile target(s)).
     1>ClCompile:
         C:\Program Files (x86)\Microsoft Visual Studio 11.0\VC\bin\CL.exe /c /Zi /nologo /W3 /WX- /O2 /Oi /Oy- /GL /D WIN32 /D NDEBUG /D _CONSOLE /D _UNICODE /D UNICODE /Gm- /EHsc /MD /GS /Gy /fp:precise /Zc:wchar_t /Zc:forScope /Fo"Release\\" /Fd"Release\vc110.pdb" /Gd /TP /analyze- /errorReport:prompt RiderSum.cpp
         RiderSum.cpp
     1>RiderSum.cpp(5): fatal error C1083: Cannot open include file: 'RiderSum.hpp': No such file or directory
     1>Done Building Project "C:\TRANSIMS\Transims51\RiderSum\RiderSum.vcxproj" (ClCompile target(s)) -- FAILED.

Build FAILED.

Time Elapsed 00:00:00.70
