Build started 2/6/2014 10:06:57 AM.
     1>Project "C:\TRANSIMS\Transims60\Gravity\Gravity.vcxproj" on node 2 (Build target(s)).
     1>ClCompile:
         C:\Program Files (x86)\Microsoft Visual Studio 11.0\VC\bin\CL.exe /c /I..\Include /Zi /nologo /W4 /WX /MP /O2 /Oi /Oy- /D WIN32 /D NDEBUG /D _CONSOLE /D _USING_V110_SDK71_ /D _UNICODE /D UNICODE /Gm- /EHsc /MT /GS /Gy /Qpar /fp:precise /Zc:wchar_t /Zc:forScope /Fo"Win32\Release\\" /Fd"Win32\Release\vc110.pdb" /Gd /TP /analyze- /errorReport:prompt Calib_Functions.cpp Control.cpp Execute.cpp Get_Zone_Data.cpp Gravity.cpp Processing.cpp Read_Trips.cpp Write_Data.cpp
         Calib_Functions.cpp
         Control.cpp
         Execute.cpp
         Get_Zone_Data.cpp
         Gravity.cpp
         Processing.cpp
         Read_Trips.cpp
         Write_Data.cpp
       Link:
         C:\Program Files (x86)\Microsoft Visual Studio 11.0\VC\bin\link.exe /ERRORREPORT:PROMPT /OUT:"C:\TRANSIMS\Transims60\Win32\Release\Gravity.exe" /INCREMENTAL:NO /NOLOGO kernel32.lib user32.lib gdi32.lib winspool.lib comdlg32.lib advapi32.lib shell32.lib ole32.lib oleaut32.lib uuid.lib odbc32.lib odbccp32.lib /MANIFEST /MANIFESTUAC:"level='asInvoker' uiAccess='false'" /manifest:embed /PDB:"C:\TRANSIMS\Transims60\Win32\Release\Gravity.pdb" /SUBSYSTEM:CONSOLE,"5.01" /OPT:REF /OPT:ICF /TLBID:1 /DYNAMICBASE /NXCOMPAT /IMPLIB:"C:\TRANSIMS\Transims60\Win32\Release\Gravity.lib" /MACHINE:X86 /SAFESEH Win32\Release\Calib_Functions.obj
         Win32\Release\Control.obj
         Win32\Release\Execute.obj
         Win32\Release\Get_Zone_Data.obj
         Win32\Release\Gravity.obj
         Win32\Release\Processing.obj
         Win32\Release\Read_Trips.obj
         Win32\Release\Write_Data.obj
         C:\TRANSIMS\Transims60\SysLib\x64\BinThreads\SysLib.lib
         C:\TRANSIMS\Transims60\File_Data_Service\x64\BinThreads\File_Data_Service.lib
     1>SysLib.lib(Static_Service.obj) : fatal error LNK1112: module machine type 'x64' conflicts with target machine type 'X86'
     1>Done Building Project "C:\TRANSIMS\Transims60\Gravity\Gravity.vcxproj" (Build target(s)) -- FAILED.

Build FAILED.

Time Elapsed 00:00:09.84
